<?xml version="1.0" encoding="UTF-8"?>
<beans xmlns="http://www.springframework.org/schema/beans"
       xmlns:xsi="http://www.w3.org/2001/XMLSchema-instance"
       xmlns:tx="http://www.springframework.org/schema/tx"
       xmlns:aop="http://www.springframework.org/schema/aop"
       xmlns:context="http://www.springframework.org/schema/context"
       xsi:schemaLocation="http://www.springframework.org/schema/beans
       http://www.springframework.org/schema/beans/spring-beans.xsd
       http://www.springframework.org/schema/tx
       http://www.springframework.org/schema/tx/spring-tx.xsd
       http://www.springframework.org/schema/aop
       http://www.springframework.org/schema/aop/spring-aop.xsd
       http://www.springframework.org/schema/context
       http://www.springframework.org/schema/context/spring-context.xsd">
    <!-- 省局子局数据库连接信息映射 -->
    <bean id="dbconfigProperties" class="org.springframework.beans.factory.config.PropertiesFactoryBean">
        <property name="locations">
            <list>
                <value>/WEB-INF/dbconn.properties</value>
            </list>
        </property>
    </bean>
    <bean id="dbpropertyConfigurer" class="org.springframework.beans.factory.config.PreferencesPlaceholderConfigurer">
        <property name="properties" ref="dbconfigProperties" />
    </bean>

    <bean id="bjtz"  class="com.mchange.v2.c3p0.ComboPooledDataSource" destroy-method="close">
        <property name="driverClass" value="com.mysql.jdbc.Driver" />
        <property name="jdbcUrl" value="${jdbc.bjtz.url}" />
        <property name="user" value="${jdbc.bjtz.username}" />
        <property name="password" value="${jdbc.bjtz.pwd}" />
        <property name="initialPoolSize" value="${initialPoolSize}"/>
        <property name="maxPoolSize" value="${maxPoolSize}"/>
        <property name="minPoolSize" value="${minPoolSize}"/>
        <property name="maxIdleTime" value="${maxIdleTime}"/>
    </bean>
    <bean id="bjyz" class="com.mchange.v2.c3p0.ComboPooledDataSource" destroy-method="close">
        <property name="jdbcUrl" value="${jdbc.bjyz.url}" />
        <property name="user" value="${jdbc.bjyz.username}" />
        <property name="password" value="${jdbc.bjyz.pwd}" />
        <property name="initialPoolSize" value="${initialPoolSize}"/>
        <property name="maxPoolSize" value="${maxPoolSize}"/>
        <property name="minPoolSize" value="${minPoolSize}"/>
        <property name="maxIdleTime" value="${maxIdleTime}"/>
    </bean>
    <bean id="multipleDataSource" class="com.xproject.util.MultipleDataSource">
        <property name="defaultTargetDataSource" ref="bjtz"/>
        <property name="targetDataSources">
            <map>
                <entry key="bjtz" value-ref="bjtz"/>
                <entry key="bjyz" value-ref="bjyz"/>
            </map>
        </property>
    </bean>


    <tx:advice id="txAdvice" transaction-manager="txManager">
        <tx:attributes>
            <tx:method name="add*" propagation="REQUIRED" rollback-for="java.lang.Exception" />
            <tx:method name="del*" propagation="REQUIRED" rollback-for="java.lang.Exception"/>
            <tx:method name="update*" propagation="REQUIRED" rollback-for="java.lang.Exception"/>
            <tx:method name="checkSysSession" propagation="REQUIRED" rollback-for="java.lang.Exception"/>
            <tx:method name="*" read-only="true"/>
        </tx:attributes>
    </tx:advice>
    <aop:config>
        <aop:pointcut id="allManagerMethod" expression="execution(* com.xproject.manager.tx.*.*.*(..))"/>
        <aop:advisor advice-ref="txAdvice" pointcut-ref="allManagerMethod"/>
    </aop:config>
    <bean id="txManager" class="org.springframework.jdbc.datasource.DataSourceTransactionManager">
        <property name="dataSource" ref="multipleDataSource"/>
    </bean>
    <bean id="sqlSessionFactory" class="org.mybatis.spring.SqlSessionFactoryBean">
        <property name="configLocation" value="/WEB-INF/mybatis-config.xml"/>
        <property name="mapperLocations" value="classpath:/com/cloutech/mapper/*/*.xml"/>
        <property name="dataSource" ref="multipleDataSource"/>
    </bean>
    <bean class="org.mybatis.spring.mapper.MapperScannerConfigurer">
        <property name="basePackage" value="com.xproject.dao"/>
    </bean>


    <!--<context:property-placeholder location="/WEB-INF/*.properties" />-->
    <!-- 省局子局信息映射 -->
    <bean id="authconfigProperties" class="org.springframework.beans.factory.config.PropertiesFactoryBean">
        <property name="locations">
            <list>
                <value>/WEB-INF/application-auth.properties</value>
            </list>
        </property>
    </bean>
    <bean id="propertyConfigurer" class="org.springframework.beans.factory.config.PreferencesPlaceholderConfigurer">
        <property name="properties" ref="authconfigProperties" />
    </bean>

    <!-- App 产品状态映射 -->
    <import resource="/WEB-INF/applicationContext-app-product-status.xml"/>
    <import resource="/WEB-INF/applicationContext-app-authid-status.xml"/>
</beans>