<?xml version="1.0" encoding="UTF-8"?>
<beans xmlns="http://www.springframework.org/schema/beans"
       xmlns:xsi="http://www.w3.org/2001/XMLSchema-instance"
       xsi:schemaLocation="http://www.springframework.org/schema/beans http://www.springframework.org/schema/beans/spring-beans.xsd">

    <import resource="classpath:Test-Spring-Config.xml"/>
    <!--<import resource="Test-Spring-UsersCase.xml"/>-->
    <!--<bean id="categoryDao" class="org.mybatis.spring.mapper.MapperFactoryBean">-->
        <!--<property name="mapperInterface" value="com.com.xproject.dao.checknetwork.BusiCcategoryDao" />-->
        <!--<property name="sqlSessionFactory" ref="sqlSessionFactory" />-->
    <!--</bean>-->


</beans>