<?xml version="1.0" encoding="UTF-8"?>
<beans xmlns="http://www.springframework.org/schema/beans"
       xmlns:xsi="http://www.w3.org/2001/XMLSchema-instance"
       xsi:schemaLocation="http://www.springframework.org/schema/beans http://www.springframework.org/schema/beans/spring-beans.xsd">

    <import resource="classpath:Test-Spring-Config.xml"/>

    <bean id="tBaseConfigDao" class="org.mybatis.spring.mapper.MapperFactoryBean">
        <property name="mapperInterface" value="com.xproject.dao.system.TBaseConfigDao" />
        <property name="sqlSessionFactory" ref="sqlSessionFactory" />
    </bean>
    <bean id="tBaseConfigManagerImp" class="com.xproject.manager.tx.system.TBaseConfigManagerImp">
    </bean>

</beans>