<component name="libraryTable">
  <library name="junit4">
    <CLASSES>
      <root url="jar://$PROJECT_DIR$/../../javalib/junit4.11/lib/hamcrest-core-1.3.jar!/" />
      <root url="jar://$PROJECT_DIR$/../../javalib/junit4.11/junit-4.11.jar!/" />
    </CLASSES>
    <JAVADOC />
    <SOURCES />
  </library>
</component>